2026-01-15 00:23:18 | INFO    | 日志文件: logs/run_all_experiments_20260115_002318.log
2026-01-15 00:23:21 | INFO    | ============================================================
2026-01-15 00:23:21 | INFO    | 实验配置
2026-01-15 00:23:21 | INFO    | ============================================================
2026-01-15 00:23:21 | INFO    | 数据集: ['assist_09', 'assist_17', 'junyi']
2026-01-15 00:23:21 | INFO    | 模块: ['Module-1', 'Module-2', 'Module-3']
2026-01-15 00:23:21 | INFO    | 自动训练: 开启
2026-01-15 00:23:21 | INFO    | 并行模式: 并行 (max=4)
2026-01-15 00:23:21 | INFO    | 可用 GPU: [3, 0, 1, 2]
2026-01-15 00:23:21 | INFO    |   [GPU] 当前显存状态:
2026-01-15 00:23:21 | INFO    |     cuda:3: 23,698MB free / 24,090MB total
2026-01-15 00:23:21 | INFO    |     cuda:0: 22,701MB free / 24,090MB total
2026-01-15 00:23:21 | INFO    |     cuda:1: 22,127MB free / 24,090MB total
2026-01-15 00:23:21 | INFO    |     cuda:2: 22,127MB free / 24,090MB total
2026-01-15 00:23:21 | INFO    | ============================================================
2026-01-15 00:23:21 | INFO    | 
============================================================
2026-01-15 00:23:21 | INFO    | Phase 1: 检查并训练缺失的模型
2026-01-15 00:23:21 | INFO    | ============================================================
2026-01-15 00:23:21 | INFO    |   [✓] assist_09: 模型已存在
2026-01-15 00:23:21 | INFO    |   [✓] assist_17: 模型已存在
2026-01-15 00:23:21 | INFO    |   [✗] junyi: 需要训练 (will use cuda:1)
2026-01-15 00:23:21 | INFO    | 
开始训练 1 个模型...
2026-01-15 00:26:53 | INFO    |   [✓] junyi: 3.5min
2026-01-15 00:26:53 | INFO    | 
Phase 1 完成: 3.5min
2026-01-15 00:26:53 | INFO    | 
============================================================
2026-01-15 00:26:53 | INFO    | Phase 2: 运行实验
2026-01-15 00:26:53 | INFO    | ============================================================
2026-01-15 00:26:53 | INFO    | 
--- Module-1: 特征解耦实验 ---
2026-01-15 00:26:53 | DEBUG   |   Task: assist_09 -> cuda:3
2026-01-15 00:26:53 | DEBUG   |   Task: assist_17 -> cuda:0
2026-01-15 00:26:53 | DEBUG   |   Task: junyi -> cuda:1
2026-01-15 00:27:52 | INFO    |   [✓] junyi: 59.2s
2026-01-15 00:28:12 | INFO    |   [✓] assist_09: 1.3min
2026-01-15 00:28:32 | INFO    |   [✓] assist_17: 1.7min
2026-01-15 00:28:32 | INFO    |   Module-1 完成: 1.7min
2026-01-15 00:28:32 | INFO    | 
--- Module-2: 鲁棒性与机制验证实验 ---
2026-01-15 00:28:32 | DEBUG   |   Task: assist_09 -> cuda:3
2026-01-15 00:28:32 | DEBUG   |   Task: assist_17 -> cuda:0
2026-01-15 00:28:32 | DEBUG   |   Task: junyi -> cuda:1
2026-01-15 00:30:12 | INFO    |   [✓] assist_09: 1.7min
2026-01-15 00:30:41 | INFO    |   [✓] assist_17: 2.1min
2026-01-15 00:36:27 | INFO    |   [✓] junyi: 7.9min
2026-01-15 00:36:27 | INFO    |   Module-2 完成: 7.9min
2026-01-15 00:36:27 | INFO    | 
--- Module-3: 交互建模实验 ---
2026-01-15 00:36:27 | DEBUG   |   Task: assist_09 -> cuda:3
2026-01-15 00:36:27 | DEBUG   |   Task: assist_17 -> cuda:0
2026-01-15 00:36:27 | DEBUG   |   Task: junyi -> cuda:1
2026-01-15 00:37:47 | INFO    |   [✓] junyi: 1.3min
2026-01-15 00:38:59 | INFO    |   [✓] assist_09: 2.5min
2026-01-15 00:39:04 | INFO    |   [✓] assist_17: 2.6min
2026-01-15 00:39:04 | INFO    |   Module-3 完成: 2.6min
2026-01-15 00:39:04 | INFO    | 
============================================================
2026-01-15 00:39:04 | INFO    | 实验汇总
2026-01-15 00:39:04 | INFO    | ============================================================
2026-01-15 00:39:04 | INFO    | 
Module-1 (特征解耦实验):
2026-01-15 00:39:04 | INFO    |   [junyi] ✓ 成功 (59.2s)
2026-01-15 00:39:04 | INFO    |   [assist_09] ✓ 成功 (1.3min)
2026-01-15 00:39:04 | INFO    |   [assist_17] ✓ 成功 (1.7min)
2026-01-15 00:39:04 | INFO    | 
Module-2 (鲁棒性与机制验证实验):
2026-01-15 00:39:04 | INFO    |   [assist_09] ✓ 成功 (1.7min)
2026-01-15 00:39:04 | INFO    |   [assist_17] ✓ 成功 (2.1min)
2026-01-15 00:39:04 | INFO    |   [junyi] ✓ 成功 (7.9min)
2026-01-15 00:39:04 | INFO    | 
Module-3 (交互建模实验):
2026-01-15 00:39:04 | INFO    |   [junyi] ✓ 成功 (1.3min)
2026-01-15 00:39:04 | INFO    |   [assist_09] ✓ 成功 (2.5min)
2026-01-15 00:39:04 | INFO    |   [assist_17] ✓ 成功 (2.6min)
2026-01-15 00:39:04 | INFO    | 
总计: 9/9 成功
2026-01-15 00:39:04 | INFO    | 总耗时: 15.7min
2026-01-15 00:39:04 | INFO    | ============================================================
2026-01-15 00:39:04 | INFO    | 结果摘要已保存: logs/last_run_summary.json
