2026-01-15 00:44:25 | INFO    | 日志文件: logs/run_all_experiments_20260115_004425.log
2026-01-15 00:44:28 | INFO    | ============================================================
2026-01-15 00:44:28 | INFO    | 实验配置
2026-01-15 00:44:28 | INFO    | ============================================================
2026-01-15 00:44:28 | INFO    | 数据集: ['assist_09', 'assist_17', 'junyi']
2026-01-15 00:44:28 | INFO    | 模块: ['Module-1', 'Module-2', 'Module-3']
2026-01-15 00:44:28 | INFO    | 自动训练: 开启
2026-01-15 00:44:28 | INFO    | 并行模式: 并行 (max=4)
2026-01-15 00:44:28 | INFO    | 可用 GPU: [3, 0, 1, 2]
2026-01-15 00:44:28 | INFO    |   [GPU] 当前显存状态:
2026-01-15 00:44:28 | INFO    |     cuda:3: 23,698MB free / 24,090MB total
2026-01-15 00:44:28 | INFO    |     cuda:0: 22,701MB free / 24,090MB total
2026-01-15 00:44:28 | INFO    |     cuda:1: 22,127MB free / 24,090MB total
2026-01-15 00:44:28 | INFO    |     cuda:2: 22,127MB free / 24,090MB total
2026-01-15 00:44:28 | INFO    | ============================================================
2026-01-15 00:44:28 | INFO    | 
============================================================
2026-01-15 00:44:28 | INFO    | Phase 1: 检查并训练缺失的模型
2026-01-15 00:44:28 | INFO    | ============================================================
2026-01-15 00:44:28 | INFO    |   [✓] assist_09: 模型已存在
2026-01-15 00:44:28 | INFO    |   [✓] assist_17: 模型已存在
2026-01-15 00:44:28 | INFO    |   [✓] junyi: 模型已存在
2026-01-15 00:44:28 | INFO    | 
============================================================
2026-01-15 00:44:28 | INFO    | Phase 2: 运行实验
2026-01-15 00:44:28 | INFO    | ============================================================
2026-01-15 00:44:28 | INFO    | 
--- Module-1: 特征解耦实验 ---
2026-01-15 00:44:28 | DEBUG   |   Task: assist_09 -> cuda:3
2026-01-15 00:44:28 | DEBUG   |   Task: assist_17 -> cuda:0
2026-01-15 00:44:28 | DEBUG   |   Task: junyi -> cuda:1
2026-01-15 00:45:24 | INFO    |   [✓] junyi: 56.7s
2026-01-15 00:45:43 | INFO    |   [✓] assist_09: 1.3min
2026-01-15 00:46:03 | INFO    |   [✓] assist_17: 1.6min
2026-01-15 00:46:03 | INFO    |   Module-1 完成: 1.6min
2026-01-15 00:46:03 | INFO    | 
--- Module-2: 鲁棒性与机制验证实验 ---
2026-01-15 00:46:03 | DEBUG   |   Task: assist_09 -> cuda:3
2026-01-15 00:46:03 | DEBUG   |   Task: assist_17 -> cuda:0
2026-01-15 00:46:03 | DEBUG   |   Task: junyi -> cuda:1
2026-01-15 00:47:14 | INFO    |   [✓] junyi: 1.2min
2026-01-15 00:47:41 | INFO    |   [✓] assist_09: 1.6min
2026-01-15 00:48:06 | INFO    |   [✓] assist_17: 2.1min
2026-01-15 00:48:06 | INFO    |   Module-2 完成: 2.1min
2026-01-15 00:48:06 | INFO    | 
--- Module-3: 交互建模实验 ---
2026-01-15 00:48:06 | DEBUG   |   Task: assist_09 -> cuda:3
2026-01-15 00:48:06 | DEBUG   |   Task: assist_17 -> cuda:0
2026-01-15 00:48:06 | DEBUG   |   Task: junyi -> cuda:1
