2026-01-15 02:26:12 | INFO    | 日志文件: logs/run_all_experiments_20260115_022612.log
2026-01-15 02:26:14 | INFO    | ============================================================
2026-01-15 02:26:14 | INFO    | 实验配置
2026-01-15 02:26:14 | INFO    | ============================================================
2026-01-15 02:26:14 | INFO    | 数据集: ['assist_09', 'assist_17', 'junyi']
2026-01-15 02:26:14 | INFO    | 模块: ['Module-1', 'Module-2', 'Module-3']
2026-01-15 02:26:14 | INFO    | 自动训练: 开启
2026-01-15 02:26:14 | INFO    | 并行模式: 并行 (max=4)
2026-01-15 02:26:14 | INFO    | 可用 GPU: [3, 0, 1, 2]
2026-01-15 02:26:14 | INFO    |   [GPU] 当前显存状态:
2026-01-15 02:26:14 | INFO    |     cuda:3: 23,698MB free / 24,090MB total
2026-01-15 02:26:14 | INFO    |     cuda:0: 22,701MB free / 24,090MB total
2026-01-15 02:26:14 | INFO    |     cuda:1: 22,127MB free / 24,090MB total
2026-01-15 02:26:14 | INFO    |     cuda:2: 22,127MB free / 24,090MB total
2026-01-15 02:26:14 | INFO    | ============================================================
2026-01-15 02:26:14 | INFO    | 
============================================================
2026-01-15 02:26:14 | INFO    | Phase 1: 检查并训练缺失的模型
2026-01-15 02:26:14 | INFO    | ============================================================
2026-01-15 02:26:14 | INFO    |   [✓] assist_09: 模型已存在
2026-01-15 02:26:14 | INFO    |   [✓] assist_17: 模型已存在
2026-01-15 02:26:14 | INFO    |   [✓] junyi: 模型已存在
2026-01-15 02:26:14 | INFO    | 
============================================================
2026-01-15 02:26:14 | INFO    | Phase 2: 运行实验
2026-01-15 02:26:14 | INFO    | ============================================================
2026-01-15 02:26:14 | INFO    | 
--- Module-1: 特征解耦实验 ---
2026-01-15 02:26:14 | DEBUG   |   Task: assist_09 -> cuda:3
2026-01-15 02:26:14 | DEBUG   |   Task: assist_17 -> cuda:0
2026-01-15 02:26:14 | DEBUG   |   Task: junyi -> cuda:1
2026-01-15 02:27:16 | INFO    |   [✓] junyi: 1.0min
2026-01-15 02:27:36 | INFO    |   [✓] assist_09: 1.4min
2026-01-15 02:27:57 | INFO    |   [✓] assist_17: 1.7min
2026-01-15 02:27:57 | INFO    |   Module-1 完成: 1.7min
2026-01-15 02:27:57 | INFO    | 
--- Module-2: 鲁棒性与机制验证实验 ---
2026-01-15 02:27:57 | DEBUG   |   Task: assist_09 -> cuda:3
2026-01-15 02:27:57 | DEBUG   |   Task: assist_17 -> cuda:0
2026-01-15 02:27:57 | DEBUG   |   Task: junyi -> cuda:1
2026-01-15 02:29:08 | INFO    |   [✓] junyi: 1.2min
2026-01-15 02:29:36 | INFO    |   [✓] assist_09: 1.7min
2026-01-15 02:30:00 | INFO    |   [✓] assist_17: 2.0min
2026-01-15 02:30:00 | INFO    |   Module-2 完成: 2.0min
2026-01-15 02:30:00 | INFO    | 
--- Module-3: 交互建模实验 ---
2026-01-15 02:30:00 | DEBUG   |   Task: assist_09 -> cuda:3
2026-01-15 02:30:00 | DEBUG   |   Task: assist_17 -> cuda:0
2026-01-15 02:30:00 | DEBUG   |   Task: junyi -> cuda:1
2026-01-15 02:31:17 | INFO    |   [✓] junyi: 1.3min
2026-01-15 02:32:23 | INFO    |   [✓] assist_09: 2.4min
2026-01-15 02:32:30 | INFO    |   [✓] assist_17: 2.5min
2026-01-15 02:32:30 | INFO    |   Module-3 完成: 2.5min
2026-01-15 02:32:30 | INFO    | 
============================================================
2026-01-15 02:32:30 | INFO    | 实验汇总
2026-01-15 02:32:30 | INFO    | ============================================================
2026-01-15 02:32:30 | INFO    | 
Module-1 (特征解耦实验):
2026-01-15 02:32:30 | INFO    |   [junyi] ✓ 成功 (1.0min)
2026-01-15 02:32:30 | INFO    |   [assist_09] ✓ 成功 (1.4min)
2026-01-15 02:32:30 | INFO    |   [assist_17] ✓ 成功 (1.7min)
2026-01-15 02:32:30 | INFO    | 
Module-2 (鲁棒性与机制验证实验):
2026-01-15 02:32:30 | INFO    |   [junyi] ✓ 成功 (1.2min)
2026-01-15 02:32:30 | INFO    |   [assist_09] ✓ 成功 (1.7min)
2026-01-15 02:32:30 | INFO    |   [assist_17] ✓ 成功 (2.0min)
2026-01-15 02:32:30 | INFO    | 
Module-3 (交互建模实验):
2026-01-15 02:32:30 | INFO    |   [junyi] ✓ 成功 (1.3min)
2026-01-15 02:32:30 | INFO    |   [assist_09] ✓ 成功 (2.4min)
2026-01-15 02:32:30 | INFO    |   [assist_17] ✓ 成功 (2.5min)
2026-01-15 02:32:30 | INFO    | 
总计: 9/9 成功
2026-01-15 02:32:30 | INFO    | 总耗时: 6.3min
2026-01-15 02:32:30 | INFO    | ============================================================
2026-01-15 02:32:30 | INFO    | 结果摘要已保存: logs/last_run_summary.json
